<?xml version="1.0" encoding="UTF-8"?>
<robot generator="Robot 4.0.2 (Python 3.9.5 on darwin)" generated="20220614 16:29:44.535" rpa="false" schemaversion="2">
<suite id="s1" name="cadastroUsuario" source="/Users/idd_fsilva/Projetos/neon/tests/cadastroUsuario.robot">
<test id="s1-t1" name="Validar Cadastro Básico Cliente">
<kw name="Start App" library="base" type="SETUP">
<kw name="Get Current Date" library="DateTime">
<var>${TODAY}</var>
<arg>result_format=%d/%m/%Y %H:%M</arg>
<doc>Returns current local or UTC time with an optional increment.</doc>
<msg timestamp="20220614 16:29:44.672" level="INFO">${TODAY} = 14/06/2022 16:29</msg>
<status status="PASS" starttime="20220614 16:29:44.672" endtime="20220614 16:29:44.672"/>
</kw>
<kw name="Set Appium Timeout" library="Zoomba.MobileLibrary">
<arg>30</arg>
<doc>Sets the timeout in seconds used by various keywords.</doc>
<status status="PASS" starttime="20220614 16:29:44.672" endtime="20220614 16:29:44.672"/>
</kw>
<kw name="Android Local" library="devices">
<kw name="Open Application" library="Zoomba.MobileLibrary">
<arg>http://127.0.0.1:4723/wd/hub</arg>
<arg>automationName=UiAutomator2</arg>
<arg>platformName=Android</arg>
<arg>deviceName=Android Emulator</arg>
<arg>udid=emulator-5554</arg>
<arg>app=${EXECDIR}/app/cadastro_clientes_teste.apk</arg>
<arg>autoGrantPermissions=true</arg>
<arg>fullReset=false</arg>
<doc>Opens a new application to given Appium server.
Capabilities of appium server, Android and iOS,
Please check https://github.com/appium/appium/blob/master/docs/en/writing-running-appium/server-args.md
| *Option*            | *Man.* | *Description*     |
| remote_url          | Yes    | Appium server url |
| alias               | no     | alias             |</doc>
<status status="PASS" starttime="20220614 16:29:44.673" endtime="20220614 16:29:49.221"/>
</kw>
<status status="PASS" starttime="20220614 16:29:44.672" endtime="20220614 16:29:49.221"/>
</kw>
<status status="PASS" starttime="20220614 16:29:44.671" endtime="20220614 16:29:49.221"/>
</kw>
<kw name="Validar Tela inicial" library="home">
<kw name="Wait Until Page Contains Element" library="Zoomba.MobileLibrary">
<arg>${HOME_TXT}</arg>
<doc>Waits until element specified with `locator` appears on current page.</doc>
<status status="PASS" starttime="20220614 16:29:49.222" endtime="20220614 16:29:49.697"/>
</kw>
<status status="PASS" starttime="20220614 16:29:49.222" endtime="20220614 16:29:49.697"/>
</kw>
<kw name="Acessar Tela de Cadastro" library="home">
<kw name="Click Element" library="Zoomba.MobileLibrary">
<arg>${BTN_MENU}</arg>
<doc>Click element identified by `locator`.</doc>
<msg timestamp="20220614 16:29:49.700" level="INFO">Clicking element 'xpath = /hierarchy/android.widget.FrameLayout/android.widget.LinearLayout/android.widget.FrameLayout/android.widget.LinearLayout/android.widget.FrameLayout/android.view.ViewGroup/android.view.ViewGroup/android.widget.ImageButton'.</msg>
<status status="PASS" starttime="20220614 16:29:49.698" endtime="20220614 16:29:50.141"/>
</kw>
<kw name="Wait Until Page Contains Element" library="Zoomba.MobileLibrary">
<arg>${BTN_CAD_NOVO}</arg>
<doc>Waits until element specified with `locator` appears on current page.</doc>
<status status="PASS" starttime="20220614 16:29:50.141" endtime="20220614 16:29:51.032"/>
</kw>
<kw name="Click Element" library="Zoomba.MobileLibrary">
<arg>${BTN_CAD_NOVO}</arg>
<doc>Click element identified by `locator`.</doc>
<msg timestamp="20220614 16:29:51.036" level="INFO">Clicking element 'id = br.com.dudstecnologia.cadastrodeclientes:id/floating_novo'.</msg>
<status status="PASS" starttime="20220614 16:29:51.032" endtime="20220614 16:29:51.088"/>
</kw>
<status status="PASS" starttime="20220614 16:29:49.697" endtime="20220614 16:29:51.089"/>
</kw>
<kw name="Inserir Dados Básicos" library="formulario">
<kw name="Wait Until Page Contains Element" library="Zoomba.MobileLibrary">
<arg>${RD_BASICO}</arg>
<doc>Waits until element specified with `locator` appears on current page.</doc>
<status status="PASS" starttime="20220614 16:29:51.089" endtime="20220614 16:29:51.967"/>
</kw>
<kw name="Click Element" library="Zoomba.MobileLibrary">
<arg>${RD_BASICO}</arg>
<doc>Click element identified by `locator`.</doc>
<msg timestamp="20220614 16:29:51.971" level="INFO">Clicking element 'id = br.com.dudstecnologia.cadastrodeclientes:id/rdBasico'.</msg>
<status status="PASS" starttime="20220614 16:29:51.968" endtime="20220614 16:29:52.026"/>
</kw>
<kw name="Input Text" library="Zoomba.MobileLibrary">
<arg>${EDIT_NOME}</arg>
<arg>João Silva</arg>
<doc>Types the given `text` into text field identified by `locator`.</doc>
<msg timestamp="20220614 16:29:52.029" level="INFO">Typing text 'João Silva' into text field 'id = br.com.dudstecnologia.cadastrodeclientes:id/editNome'</msg>
<status status="PASS" starttime="20220614 16:29:52.026" endtime="20220614 16:29:53.102"/>
</kw>
<kw name="Input Text" library="Zoomba.MobileLibrary">
<arg>${EDIT_DATA}</arg>
<arg>01/01/1990</arg>
<doc>Types the given `text` into text field identified by `locator`.</doc>
<msg timestamp="20220614 16:29:53.105" level="INFO">Typing text '01/01/1990' into text field 'id = br.com.dudstecnologia.cadastrodeclientes:id/editData'</msg>
<status status="PASS" starttime="20220614 16:29:53.102" endtime="20220614 16:29:53.653"/>
</kw>
<kw name="Input Text" library="Zoomba.MobileLibrary">
<arg>${EDIT_RG}</arg>
<arg>36.791.254-5</arg>
<doc>Types the given `text` into text field identified by `locator`.</doc>
<msg timestamp="20220614 16:29:53.656" level="INFO">Typing text '36.791.254-5' into text field 'id = br.com.dudstecnologia.cadastrodeclientes:id/editRg'</msg>
<status status="PASS" starttime="20220614 16:29:53.653" endtime="20220614 16:29:54.294"/>
</kw>
<kw name="Input Text" library="Zoomba.MobileLibrary">
<arg>${EDIT_CPF}</arg>
<arg>561.868.980-40</arg>
<doc>Types the given `text` into text field identified by `locator`.</doc>
<msg timestamp="20220614 16:29:54.297" level="INFO">Typing text '561.868.980-40' into text field 'id = br.com.dudstecnologia.cadastrodeclientes:id/editCpf'</msg>
<status status="PASS" starttime="20220614 16:29:54.294" endtime="20220614 16:29:54.835"/>
</kw>
<kw name="Input Text" library="Zoomba.MobileLibrary">
<arg>${EDIT_ENDERECO}</arg>
<arg>Rua dos Bobos</arg>
<doc>Types the given `text` into text field identified by `locator`.</doc>
<msg timestamp="20220614 16:29:54.838" level="INFO">Typing text 'Rua dos Bobos' into text field 'id = br.com.dudstecnologia.cadastrodeclientes:id/editEndereco'</msg>
<status status="PASS" starttime="20220614 16:29:54.835" endtime="20220614 16:29:55.490"/>
</kw>
<kw name="Input Text" library="Zoomba.MobileLibrary">
<arg>${EDIT_NUMERO}</arg>
<arg>0</arg>
<doc>Types the given `text` into text field identified by `locator`.</doc>
<msg timestamp="20220614 16:29:55.494" level="INFO">Typing text '0' into text field 'id = br.com.dudstecnologia.cadastrodeclientes:id/editNumero'</msg>
<status status="PASS" starttime="20220614 16:29:55.490" endtime="20220614 16:29:56.039"/>
</kw>
<kw name="Input Text" library="Zoomba.MobileLibrary">
<arg>${EDIT_BAIRRO}</arg>
<arg>Dos Sonhos</arg>
<doc>Types the given `text` into text field identified by `locator`.</doc>
<msg timestamp="20220614 16:29:56.042" level="INFO">Typing text 'Dos Sonhos' into text field 'id = br.com.dudstecnologia.cadastrodeclientes:id/editBairro'</msg>
<status status="PASS" starttime="20220614 16:29:56.039" endtime="20220614 16:29:56.590"/>
</kw>
<kw name="Input Text" library="Zoomba.MobileLibrary">
<arg>${EDIT_CEP}</arg>
<arg>56328-070</arg>
<doc>Types the given `text` into text field identified by `locator`.</doc>
<msg timestamp="20220614 16:29:56.593" level="INFO">Typing text '56328-070' into text field 'id = br.com.dudstecnologia.cadastrodeclientes:id/editCep'</msg>
<status status="PASS" starttime="20220614 16:29:56.590" endtime="20220614 16:29:57.830"/>
</kw>
<kw name="Input Text" library="Zoomba.MobileLibrary">
<arg>${EDIT_CIDADE}</arg>
<arg>Maravilhosa</arg>
<doc>Types the given `text` into text field identified by `locator`.</doc>
<msg timestamp="20220614 16:29:57.834" level="INFO">Typing text 'Maravilhosa' into text field 'id = br.com.dudstecnologia.cadastrodeclientes:id/editCidade'</msg>
<status status="PASS" starttime="20220614 16:29:57.831" endtime="20220614 16:29:58.952"/>
</kw>
<kw name="Click Element" library="Zoomba.MobileLibrary">
<arg>${SPINNER_UF}</arg>
<doc>Click element identified by `locator`.</doc>
<msg timestamp="20220614 16:29:58.955" level="INFO">Clicking element 'id = br.com.dudstecnologia.cadastrodeclientes:id/spinnerEstados'.</msg>
<status status="PASS" starttime="20220614 16:29:58.952" endtime="20220614 16:29:59.492"/>
</kw>
<kw name="Wait Until Page Contains Element" library="Zoomba.MobileLibrary">
<arg>${TEXTVIEW_UF}</arg>
<doc>Waits until element specified with `locator` appears on current page.</doc>
<status status="PASS" starttime="20220614 16:29:59.492" endtime="20220614 16:30:00.713"/>
</kw>
<kw name="Click Element" library="Zoomba.MobileLibrary">
<arg>${TEXTVIEW_UF}</arg>
<doc>Click element identified by `locator`.</doc>
<msg timestamp="20220614 16:30:00.717" level="INFO">Clicking element 'xpath = //*[@text='AC']'.</msg>
<status status="PASS" starttime="20220614 16:30:00.714" endtime="20220614 16:30:01.500"/>
</kw>
<kw name="Input Text" library="Zoomba.MobileLibrary">
<arg>${EDIT_TELEFONE1}</arg>
<arg>2345678</arg>
<doc>Types the given `text` into text field identified by `locator`.</doc>
<msg timestamp="20220614 16:30:01.503" level="INFO">Typing text '2345678' into text field 'id = br.com.dudstecnologia.cadastrodeclientes:id/editTelefone1'</msg>
<status status="PASS" starttime="20220614 16:30:01.500" endtime="20220614 16:30:02.071"/>
</kw>
<kw name="Input Text" library="Zoomba.MobileLibrary">
<arg>${EDIT_TELEFONE2}</arg>
<arg>988776622</arg>
<doc>Types the given `text` into text field identified by `locator`.</doc>
<msg timestamp="20220614 16:30:02.074" level="INFO">Typing text '988776622' into text field 'id = br.com.dudstecnologia.cadastrodeclientes:id/editTelefone2'</msg>
<status status="PASS" starttime="20220614 16:30:02.071" endtime="20220614 16:30:03.140"/>
</kw>
<kw name="Input Text" library="Zoomba.MobileLibrary">
<arg>${EDIT_EMAIL}</arg>
<arg>joaosilva@mail.com</arg>
<doc>Types the given `text` into text field identified by `locator`.</doc>
<msg timestamp="20220614 16:30:03.144" level="INFO">Typing text 'joaosilva@mail.com' into text field 'id = br.com.dudstecnologia.cadastrodeclientes:id/editEmail'</msg>
<status status="PASS" starttime="20220614 16:30:03.140" endtime="20220614 16:30:03.680"/>
</kw>
<kw name="Input Text" library="Zoomba.MobileLibrary">
<arg>${EDIT_OBS}</arg>
<arg>NEON &gt; ALL</arg>
<doc>Types the given `text` into text field identified by `locator`.</doc>
<msg timestamp="20220614 16:30:03.683" level="INFO">Typing text 'NEON &gt; ALL' into text field 'id = br.com.dudstecnologia.cadastrodeclientes:id/editObs'</msg>
<status status="PASS" starttime="20220614 16:30:03.680" endtime="20220614 16:30:04.264"/>
</kw>
<status status="PASS" starttime="20220614 16:29:51.089" endtime="20220614 16:30:04.264"/>
</kw>
<kw name="Saval Formulário" library="formulario">
<kw name="Click Element" library="Zoomba.MobileLibrary">
<arg>${BTN_SALVAR}</arg>
<doc>Click element identified by `locator`.</doc>
<msg timestamp="20220614 16:30:04.267" level="INFO">Clicking element 'id = br.com.dudstecnologia.cadastrodeclientes:id/btnSalvar'.</msg>
<status status="PASS" starttime="20220614 16:30:04.264" endtime="20220614 16:30:04.838"/>
</kw>
<status status="PASS" starttime="20220614 16:30:04.264" endtime="20220614 16:30:04.838"/>
</kw>
<kw name="Validar Mensagem Sucesso" library="formulario">
<arg>Cadastro efetuado com sucesso</arg>
<kw name="Wait Until Page Contains Element" library="Zoomba.MobileLibrary">
<arg>${ANDROID_MESSAGE}</arg>
<doc>Waits until element specified with `locator` appears on current page.</doc>
<status status="PASS" starttime="20220614 16:30:04.839" endtime="20220614 16:30:05.453"/>
</kw>
<kw name="Element Should Contain Text" library="Zoomba.MobileLibrary">
<arg>${ANDROID_MESSAGE}</arg>
<arg>${mensagem_sucesso}</arg>
<doc>Verifies element identified by ``locator`` contains text ``expected``.</doc>
<msg timestamp="20220614 16:30:05.456" level="INFO">Verifying element 'id = android:id/message' contains text 'Cadastro efetuado com sucesso'.</msg>
<status status="PASS" starttime="20220614 16:30:05.454" endtime="20220614 16:30:05.480"/>
</kw>
<kw name="Click Element" library="Zoomba.MobileLibrary">
<arg>${ANDROID_BTN_OK}</arg>
<doc>Click element identified by `locator`.</doc>
<msg timestamp="20220614 16:30:05.483" level="INFO">Clicking element 'id = android:id/button1'.</msg>
<status status="PASS" starttime="20220614 16:30:05.480" endtime="20220614 16:30:05.545"/>
</kw>
<kw name="Go Back" library="Zoomba.MobileLibrary">
<doc>Goes one step backward in the browser history.</doc>
<status status="PASS" starttime="20220614 16:30:05.546" endtime="20220614 16:30:06.651"/>
</kw>
<status status="PASS" starttime="20220614 16:30:04.839" endtime="20220614 16:30:06.652"/>
</kw>
<kw name="Close App" library="base" type="TEARDOWN">
<kw name="Close Application" library="Zoomba.MobileLibrary">
<doc>Closes the current application and also close webdriver session.</doc>
<status status="PASS" starttime="20220614 16:30:06.652" endtime="20220614 16:30:06.950"/>
</kw>
<status status="PASS" starttime="20220614 16:30:06.652" endtime="20220614 16:30:06.950"/>
</kw>
<status status="PASS" starttime="20220614 16:29:44.671" endtime="20220614 16:30:06.950"/>
</test>
<test id="s1-t2" name="Validar Consulta a Cadastro do Cliente">
<kw name="Start App" library="base" type="SETUP">
<kw name="Get Current Date" library="DateTime">
<var>${TODAY}</var>
<arg>result_format=%d/%m/%Y %H:%M</arg>
<doc>Returns current local or UTC time with an optional increment.</doc>
<msg timestamp="20220614 16:30:06.951" level="INFO">${TODAY} = 14/06/2022 16:30</msg>
<status status="PASS" starttime="20220614 16:30:06.951" endtime="20220614 16:30:06.951"/>
</kw>
<kw name="Set Appium Timeout" library="Zoomba.MobileLibrary">
<arg>30</arg>
<doc>Sets the timeout in seconds used by various keywords.</doc>
<status status="PASS" starttime="20220614 16:30:06.951" endtime="20220614 16:30:06.952"/>
</kw>
<kw name="Android Local" library="devices">
<kw name="Open Application" library="Zoomba.MobileLibrary">
<arg>http://127.0.0.1:4723/wd/hub</arg>
<arg>automationName=UiAutomator2</arg>
<arg>platformName=Android</arg>
<arg>deviceName=Android Emulator</arg>
<arg>udid=emulator-5554</arg>
<arg>app=${EXECDIR}/app/cadastro_clientes_teste.apk</arg>
<arg>autoGrantPermissions=true</arg>
<arg>fullReset=false</arg>
<doc>Opens a new application to given Appium server.
Capabilities of appium server, Android and iOS,
Please check https://github.com/appium/appium/blob/master/docs/en/writing-running-appium/server-args.md
| *Option*            | *Man.* | *Description*     |
| remote_url          | Yes    | Appium server url |
| alias               | no     | alias             |</doc>
<status status="PASS" starttime="20220614 16:30:06.952" endtime="20220614 16:30:11.237"/>
</kw>
<status status="PASS" starttime="20220614 16:30:06.952" endtime="20220614 16:30:11.237"/>
</kw>
<status status="PASS" starttime="20220614 16:30:06.951" endtime="20220614 16:30:11.237"/>
</kw>
<kw name="Acessar Tela de Cadastro" library="home">
<kw name="Click Element" library="Zoomba.MobileLibrary">
<arg>${BTN_MENU}</arg>
<doc>Click element identified by `locator`.</doc>
<msg timestamp="20220614 16:30:11.241" level="INFO">Clicking element 'xpath = /hierarchy/android.widget.FrameLayout/android.widget.LinearLayout/android.widget.FrameLayout/android.widget.LinearLayout/android.widget.FrameLayout/android.view.ViewGroup/android.view.ViewGroup/android.widget.ImageButton'.</msg>
<status status="PASS" starttime="20220614 16:30:11.238" endtime="20220614 16:30:12.117"/>
</kw>
<kw name="Wait Until Page Contains Element" library="Zoomba.MobileLibrary">
<arg>${BTN_CAD_NOVO}</arg>
<doc>Waits until element specified with `locator` appears on current page.</doc>
<status status="PASS" starttime="20220614 16:30:12.117" endtime="20220614 16:30:13.090"/>
</kw>
<kw name="Click Element" library="Zoomba.MobileLibrary">
<arg>${BTN_CAD_NOVO}</arg>
<doc>Click element identified by `locator`.</doc>
<msg timestamp="20220614 16:30:13.094" level="INFO">Clicking element 'id = br.com.dudstecnologia.cadastrodeclientes:id/floating_novo'.</msg>
<status status="PASS" starttime="20220614 16:30:13.090" endtime="20220614 16:30:13.173"/>
</kw>
<status status="PASS" starttime="20220614 16:30:11.237" endtime="20220614 16:30:13.174"/>
</kw>
<kw name="Inserir Dados Básicos" library="formulario">
<kw name="Wait Until Page Contains Element" library="Zoomba.MobileLibrary">
<arg>${RD_BASICO}</arg>
<doc>Waits until element specified with `locator` appears on current page.</doc>
<status status="PASS" starttime="20220614 16:30:13.174" endtime="20220614 16:30:13.474"/>
</kw>
<kw name="Click Element" library="Zoomba.MobileLibrary">
<arg>${RD_BASICO}</arg>
<doc>Click element identified by `locator`.</doc>
<msg timestamp="20220614 16:30:13.477" level="INFO">Clicking element 'id = br.com.dudstecnologia.cadastrodeclientes:id/rdBasico'.</msg>
<status status="PASS" starttime="20220614 16:30:13.474" endtime="20220614 16:30:14.098"/>
</kw>
<kw name="Input Text" library="Zoomba.MobileLibrary">
<arg>${EDIT_NOME}</arg>
<arg>João Silva</arg>
<doc>Types the given `text` into text field identified by `locator`.</doc>
<msg timestamp="20220614 16:30:14.101" level="INFO">Typing text 'João Silva' into text field 'id = br.com.dudstecnologia.cadastrodeclientes:id/editNome'</msg>
<status status="PASS" starttime="20220614 16:30:14.098" endtime="20220614 16:30:15.177"/>
</kw>
<kw name="Input Text" library="Zoomba.MobileLibrary">
<arg>${EDIT_DATA}</arg>
<arg>01/01/1990</arg>
<doc>Types the given `text` into text field identified by `locator`.</doc>
<msg timestamp="20220614 16:30:15.180" level="INFO">Typing text '01/01/1990' into text field 'id = br.com.dudstecnologia.cadastrodeclientes:id/editData'</msg>
<status status="PASS" starttime="20220614 16:30:15.177" endtime="20220614 16:30:16.309"/>
</kw>
<kw name="Input Text" library="Zoomba.MobileLibrary">
<arg>${EDIT_RG}</arg>
<arg>36.791.254-5</arg>
<doc>Types the given `text` into text field identified by `locator`.</doc>
<msg timestamp="20220614 16:30:16.312" level="INFO">Typing text '36.791.254-5' into text field 'id = br.com.dudstecnologia.cadastrodeclientes:id/editRg'</msg>
<status status="PASS" starttime="20220614 16:30:16.309" endtime="20220614 16:30:17.426"/>
</kw>
<kw name="Input Text" library="Zoomba.MobileLibrary">
<arg>${EDIT_CPF}</arg>
<arg>561.868.980-40</arg>
<doc>Types the given `text` into text field identified by `locator`.</doc>
<msg timestamp="20220614 16:30:17.429" level="INFO">Typing text '561.868.980-40' into text field 'id = br.com.dudstecnologia.cadastrodeclientes:id/editCpf'</msg>
<status status="PASS" starttime="20220614 16:30:17.426" endtime="20220614 16:30:17.957"/>
</kw>
<kw name="Input Text" library="Zoomba.MobileLibrary">
<arg>${EDIT_ENDERECO}</arg>
<arg>Rua dos Bobos</arg>
<doc>Types the given `text` into text field identified by `locator`.</doc>
<msg timestamp="20220614 16:30:17.960" level="INFO">Typing text 'Rua dos Bobos' into text field 'id = br.com.dudstecnologia.cadastrodeclientes:id/editEndereco'</msg>
<status status="PASS" starttime="20220614 16:30:17.957" endtime="20220614 16:30:18.601"/>
</kw>
<kw name="Input Text" library="Zoomba.MobileLibrary">
<arg>${EDIT_NUMERO}</arg>
<arg>0</arg>
<doc>Types the given `text` into text field identified by `locator`.</doc>
<msg timestamp="20220614 16:30:18.604" level="INFO">Typing text '0' into text field 'id = br.com.dudstecnologia.cadastrodeclientes:id/editNumero'</msg>
<status status="PASS" starttime="20220614 16:30:18.601" endtime="20220614 16:30:19.156"/>
</kw>
<kw name="Input Text" library="Zoomba.MobileLibrary">
<arg>${EDIT_BAIRRO}</arg>
<arg>Dos Sonhos</arg>
<doc>Types the given `text` into text field identified by `locator`.</doc>
<msg timestamp="20220614 16:30:19.160" level="INFO">Typing text 'Dos Sonhos' into text field 'id = br.com.dudstecnologia.cadastrodeclientes:id/editBairro'</msg>
<status status="PASS" starttime="20220614 16:30:19.156" endtime="20220614 16:30:19.725"/>
</kw>
<kw name="Input Text" library="Zoomba.MobileLibrary">
<arg>${EDIT_CEP}</arg>
<arg>56328-070</arg>
<doc>Types the given `text` into text field identified by `locator`.</doc>
<msg timestamp="20220614 16:30:19.728" level="INFO">Typing text '56328-070' into text field 'id = br.com.dudstecnologia.cadastrodeclientes:id/editCep'</msg>
<status status="PASS" starttime="20220614 16:30:19.725" endtime="20220614 16:30:20.966"/>
</kw>
<kw name="Input Text" library="Zoomba.MobileLibrary">
<arg>${EDIT_CIDADE}</arg>
<arg>Maravilhosa</arg>
<doc>Types the given `text` into text field identified by `locator`.</doc>
<msg timestamp="20220614 16:30:20.970" level="INFO">Typing text 'Maravilhosa' into text field 'id = br.com.dudstecnologia.cadastrodeclientes:id/editCidade'</msg>
<status status="PASS" starttime="20220614 16:30:20.966" endtime="20220614 16:30:22.089"/>
</kw>
<kw name="Click Element" library="Zoomba.MobileLibrary">
<arg>${SPINNER_UF}</arg>
<doc>Click element identified by `locator`.</doc>
<msg timestamp="20220614 16:30:22.093" level="INFO">Clicking element 'id = br.com.dudstecnologia.cadastrodeclientes:id/spinnerEstados'.</msg>
<status status="PASS" starttime="20220614 16:30:22.089" endtime="20220614 16:30:22.647"/>
</kw>
<kw name="Wait Until Page Contains Element" library="Zoomba.MobileLibrary">
<arg>${TEXTVIEW_UF}</arg>
<doc>Waits until element specified with `locator` appears on current page.</doc>
<status status="PASS" starttime="20220614 16:30:22.647" endtime="20220614 16:30:23.514"/>
</kw>
<kw name="Click Element" library="Zoomba.MobileLibrary">
<arg>${TEXTVIEW_UF}</arg>
<doc>Click element identified by `locator`.</doc>
<msg timestamp="20220614 16:30:23.517" level="INFO">Clicking element 'xpath = //*[@text='AC']'.</msg>
<status status="PASS" starttime="20220614 16:30:23.514" endtime="20220614 16:30:24.186"/>
</kw>
<kw name="Input Text" library="Zoomba.MobileLibrary">
<arg>${EDIT_TELEFONE1}</arg>
<arg>2345678</arg>
<doc>Types the given `text` into text field identified by `locator`.</doc>
<msg timestamp="20220614 16:30:24.189" level="INFO">Typing text '2345678' into text field 'id = br.com.dudstecnologia.cadastrodeclientes:id/editTelefone1'</msg>
<status status="PASS" starttime="20220614 16:30:24.186" endtime="20220614 16:30:24.241"/>
</kw>
<kw name="Input Text" library="Zoomba.MobileLibrary">
<arg>${EDIT_TELEFONE2}</arg>
<arg>988776622</arg>
<doc>Types the given `text` into text field identified by `locator`.</doc>
<msg timestamp="20220614 16:30:24.244" level="INFO">Typing text '988776622' into text field 'id = br.com.dudstecnologia.cadastrodeclientes:id/editTelefone2'</msg>
<status status="PASS" starttime="20220614 16:30:24.241" endtime="20220614 16:30:24.785"/>
</kw>
<kw name="Input Text" library="Zoomba.MobileLibrary">
<arg>${EDIT_EMAIL}</arg>
<arg>joaosilva@mail.com</arg>
<doc>Types the given `text` into text field identified by `locator`.</doc>
<msg timestamp="20220614 16:30:24.788" level="INFO">Typing text 'joaosilva@mail.com' into text field 'id = br.com.dudstecnologia.cadastrodeclientes:id/editEmail'</msg>
<status status="PASS" starttime="20220614 16:30:24.785" endtime="20220614 16:30:25.338"/>
</kw>
<kw name="Input Text" library="Zoomba.MobileLibrary">
<arg>${EDIT_OBS}</arg>
<arg>NEON &gt; ALL</arg>
<doc>Types the given `text` into text field identified by `locator`.</doc>
<msg timestamp="20220614 16:30:25.341" level="INFO">Typing text 'NEON &gt; ALL' into text field 'id = br.com.dudstecnologia.cadastrodeclientes:id/editObs'</msg>
<status status="PASS" starttime="20220614 16:30:25.338" endtime="20220614 16:30:26.388"/>
</kw>
<status status="PASS" starttime="20220614 16:30:13.174" endtime="20220614 16:30:26.388"/>
</kw>
<kw name="Saval Formulário" library="formulario">
<kw name="Click Element" library="Zoomba.MobileLibrary">
<arg>${BTN_SALVAR}</arg>
<doc>Click element identified by `locator`.</doc>
<msg timestamp="20220614 16:30:26.392" level="INFO">Clicking element 'id = br.com.dudstecnologia.cadastrodeclientes:id/btnSalvar'.</msg>
<status status="PASS" starttime="20220614 16:30:26.388" endtime="20220614 16:30:26.946"/>
</kw>
<status status="PASS" starttime="20220614 16:30:26.388" endtime="20220614 16:30:26.947"/>
</kw>
<kw name="Validar Mensagem Sucesso" library="formulario">
<arg>Cadastro efetuado com sucesso</arg>
<kw name="Wait Until Page Contains Element" library="Zoomba.MobileLibrary">
<arg>${ANDROID_MESSAGE}</arg>
<doc>Waits until element specified with `locator` appears on current page.</doc>
<status status="PASS" starttime="20220614 16:30:26.947" endtime="20220614 16:30:27.653"/>
</kw>
<kw name="Element Should Contain Text" library="Zoomba.MobileLibrary">
<arg>${ANDROID_MESSAGE}</arg>
<arg>${mensagem_sucesso}</arg>
<doc>Verifies element identified by ``locator`` contains text ``expected``.</doc>
<msg timestamp="20220614 16:30:27.656" level="INFO">Verifying element 'id = android:id/message' contains text 'Cadastro efetuado com sucesso'.</msg>
<status status="PASS" starttime="20220614 16:30:27.653" endtime="20220614 16:30:27.681"/>
</kw>
<kw name="Click Element" library="Zoomba.MobileLibrary">
<arg>${ANDROID_BTN_OK}</arg>
<doc>Click element identified by `locator`.</doc>
<msg timestamp="20220614 16:30:27.684" level="INFO">Clicking element 'id = android:id/button1'.</msg>
<status status="PASS" starttime="20220614 16:30:27.681" endtime="20220614 16:30:27.744"/>
</kw>
<kw name="Go Back" library="Zoomba.MobileLibrary">
<doc>Goes one step backward in the browser history.</doc>
<status status="PASS" starttime="20220614 16:30:27.744" endtime="20220614 16:30:28.846"/>
</kw>
<status status="PASS" starttime="20220614 16:30:26.947" endtime="20220614 16:30:28.846"/>
</kw>
<kw name="Selecionar Cliente" library="home">
<kw name="Wait Until Page Contains Element" library="Zoomba.MobileLibrary">
<arg>${NOME_LISTA}</arg>
<doc>Waits until element specified with `locator` appears on current page.</doc>
<status status="PASS" starttime="20220614 16:30:28.847" endtime="20220614 16:30:29.438"/>
</kw>
<kw name="Click Element" library="Zoomba.MobileLibrary">
<arg>${NOME_LISTA}</arg>
<doc>Click element identified by `locator`.</doc>
<msg timestamp="20220614 16:30:29.441" level="INFO">Clicking element 'id = br.com.dudstecnologia.cadastrodeclientes:id/nomeLista'.</msg>
<status status="PASS" starttime="20220614 16:30:29.438" endtime="20220614 16:30:30.133"/>
</kw>
<status status="PASS" starttime="20220614 16:30:28.847" endtime="20220614 16:30:30.133"/>
</kw>
<kw name="Validar Nome Cliente" library="formulario">
<arg>João Silva</arg>
<kw name="Wait Until Page Contains Element" library="Zoomba.MobileLibrary">
<arg>${EDIT_NOME}</arg>
<doc>Waits until element specified with `locator` appears on current page.</doc>
<status status="PASS" starttime="20220614 16:30:30.134" endtime="20220614 16:30:30.161"/>
</kw>
<kw name="Element Should Contain Text" library="Zoomba.MobileLibrary">
<arg>${EDIT_NOME}</arg>
<arg>${nome}</arg>
<doc>Verifies element identified by ``locator`` contains text ``expected``.</doc>
<msg timestamp="20220614 16:30:30.165" level="INFO">Verifying element 'id = br.com.dudstecnologia.cadastrodeclientes:id/editNome' contains text 'João Silva'.</msg>
<status status="PASS" starttime="20220614 16:30:30.161" endtime="20220614 16:30:30.236"/>
</kw>
<status status="PASS" starttime="20220614 16:30:30.134" endtime="20220614 16:30:30.236"/>
</kw>
<kw name="Close App" library="base" type="TEARDOWN">
<kw name="Close Application" library="Zoomba.MobileLibrary">
<doc>Closes the current application and also close webdriver session.</doc>
<status status="PASS" starttime="20220614 16:30:30.237" endtime="20220614 16:30:30.441"/>
</kw>
<status status="PASS" starttime="20220614 16:30:30.236" endtime="20220614 16:30:30.441"/>
</kw>
<status status="PASS" starttime="20220614 16:30:06.950" endtime="20220614 16:30:30.441"/>
</test>
<test id="s1-t3" name="Validar Atualização de Dados do Cliente">
<kw name="Start App" library="base" type="SETUP">
<kw name="Get Current Date" library="DateTime">
<var>${TODAY}</var>
<arg>result_format=%d/%m/%Y %H:%M</arg>
<doc>Returns current local or UTC time with an optional increment.</doc>
<msg timestamp="20220614 16:30:30.442" level="INFO">${TODAY} = 14/06/2022 16:30</msg>
<status status="PASS" starttime="20220614 16:30:30.442" endtime="20220614 16:30:30.442"/>
</kw>
<kw name="Set Appium Timeout" library="Zoomba.MobileLibrary">
<arg>30</arg>
<doc>Sets the timeout in seconds used by various keywords.</doc>
<status status="PASS" starttime="20220614 16:30:30.442" endtime="20220614 16:30:30.443"/>
</kw>
<kw name="Android Local" library="devices">
<kw name="Open Application" library="Zoomba.MobileLibrary">
<arg>http://127.0.0.1:4723/wd/hub</arg>
<arg>automationName=UiAutomator2</arg>
<arg>platformName=Android</arg>
<arg>deviceName=Android Emulator</arg>
<arg>udid=emulator-5554</arg>
<arg>app=${EXECDIR}/app/cadastro_clientes_teste.apk</arg>
<arg>autoGrantPermissions=true</arg>
<arg>fullReset=false</arg>
<doc>Opens a new application to given Appium server.
Capabilities of appium server, Android and iOS,
Please check https://github.com/appium/appium/blob/master/docs/en/writing-running-appium/server-args.md
| *Option*            | *Man.* | *Description*     |
| remote_url          | Yes    | Appium server url |
| alias               | no     | alias             |</doc>
<status status="PASS" starttime="20220614 16:30:30.443" endtime="20220614 16:30:36.530"/>
</kw>
<status status="PASS" starttime="20220614 16:30:30.443" endtime="20220614 16:30:36.530"/>
</kw>
<status status="PASS" starttime="20220614 16:30:30.442" endtime="20220614 16:30:36.530"/>
</kw>
<kw name="Acessar Tela de Cadastro" library="home">
<kw name="Click Element" library="Zoomba.MobileLibrary">
<arg>${BTN_MENU}</arg>
<doc>Click element identified by `locator`.</doc>
<msg timestamp="20220614 16:30:36.534" level="INFO">Clicking element 'xpath = /hierarchy/android.widget.FrameLayout/android.widget.LinearLayout/android.widget.FrameLayout/android.widget.LinearLayout/android.widget.FrameLayout/android.view.ViewGroup/android.view.ViewGroup/android.widget.ImageButton'.</msg>
<status status="PASS" starttime="20220614 16:30:36.531" endtime="20220614 16:30:37.413"/>
</kw>
<kw name="Wait Until Page Contains Element" library="Zoomba.MobileLibrary">
<arg>${BTN_CAD_NOVO}</arg>
<doc>Waits until element specified with `locator` appears on current page.</doc>
<status status="PASS" starttime="20220614 16:30:37.413" endtime="20220614 16:30:38.267"/>
</kw>
<kw name="Click Element" library="Zoomba.MobileLibrary">
<arg>${BTN_CAD_NOVO}</arg>
<doc>Click element identified by `locator`.</doc>
<msg timestamp="20220614 16:30:38.270" level="INFO">Clicking element 'id = br.com.dudstecnologia.cadastrodeclientes:id/floating_novo'.</msg>
<status status="PASS" starttime="20220614 16:30:38.267" endtime="20220614 16:30:38.344"/>
</kw>
<status status="PASS" starttime="20220614 16:30:36.530" endtime="20220614 16:30:38.344"/>
</kw>
<kw name="Inserir Dados Básicos" library="formulario">
<kw name="Wait Until Page Contains Element" library="Zoomba.MobileLibrary">
<arg>${RD_BASICO}</arg>
<doc>Waits until element specified with `locator` appears on current page.</doc>
<status status="PASS" starttime="20220614 16:30:38.345" endtime="20220614 16:30:39.223"/>
</kw>
<kw name="Click Element" library="Zoomba.MobileLibrary">
<arg>${RD_BASICO}</arg>
<doc>Click element identified by `locator`.</doc>
<msg timestamp="20220614 16:30:39.226" level="INFO">Clicking element 'id = br.com.dudstecnologia.cadastrodeclientes:id/rdBasico'.</msg>
<status status="PASS" starttime="20220614 16:30:39.223" endtime="20220614 16:30:39.289"/>
</kw>
<kw name="Input Text" library="Zoomba.MobileLibrary">
<arg>${EDIT_NOME}</arg>
<arg>João Silva</arg>
<doc>Types the given `text` into text field identified by `locator`.</doc>
<msg timestamp="20220614 16:30:39.293" level="INFO">Typing text 'João Silva' into text field 'id = br.com.dudstecnologia.cadastrodeclientes:id/editNome'</msg>
<status status="PASS" starttime="20220614 16:30:39.290" endtime="20220614 16:30:39.857"/>
</kw>
<kw name="Input Text" library="Zoomba.MobileLibrary">
<arg>${EDIT_DATA}</arg>
<arg>01/01/1990</arg>
<doc>Types the given `text` into text field identified by `locator`.</doc>
<msg timestamp="20220614 16:30:39.860" level="INFO">Typing text '01/01/1990' into text field 'id = br.com.dudstecnologia.cadastrodeclientes:id/editData'</msg>
<status status="PASS" starttime="20220614 16:30:39.858" endtime="20220614 16:30:40.996"/>
</kw>
<kw name="Input Text" library="Zoomba.MobileLibrary">
<arg>${EDIT_RG}</arg>
<arg>36.791.254-5</arg>
<doc>Types the given `text` into text field identified by `locator`.</doc>
<msg timestamp="20220614 16:30:41.000" level="INFO">Typing text '36.791.254-5' into text field 'id = br.com.dudstecnologia.cadastrodeclientes:id/editRg'</msg>
<status status="PASS" starttime="20220614 16:30:40.997" endtime="20220614 16:30:42.140"/>
</kw>
<kw name="Input Text" library="Zoomba.MobileLibrary">
<arg>${EDIT_CPF}</arg>
<arg>561.868.980-40</arg>
<doc>Types the given `text` into text field identified by `locator`.</doc>
<msg timestamp="20220614 16:30:42.144" level="INFO">Typing text '561.868.980-40' into text field 'id = br.com.dudstecnologia.cadastrodeclientes:id/editCpf'</msg>
<status status="PASS" starttime="20220614 16:30:42.140" endtime="20220614 16:30:42.662"/>
</kw>
<kw name="Input Text" library="Zoomba.MobileLibrary">
<arg>${EDIT_ENDERECO}</arg>
<arg>Rua dos Bobos</arg>
<doc>Types the given `text` into text field identified by `locator`.</doc>
<msg timestamp="20220614 16:30:42.665" level="INFO">Typing text 'Rua dos Bobos' into text field 'id = br.com.dudstecnologia.cadastrodeclientes:id/editEndereco'</msg>
<status status="PASS" starttime="20220614 16:30:42.662" endtime="20220614 16:30:43.328"/>
</kw>
<kw name="Input Text" library="Zoomba.MobileLibrary">
<arg>${EDIT_NUMERO}</arg>
<arg>0</arg>
<doc>Types the given `text` into text field identified by `locator`.</doc>
<msg timestamp="20220614 16:30:43.331" level="INFO">Typing text '0' into text field 'id = br.com.dudstecnologia.cadastrodeclientes:id/editNumero'</msg>
<status status="PASS" starttime="20220614 16:30:43.328" endtime="20220614 16:30:43.864"/>
</kw>
<kw name="Input Text" library="Zoomba.MobileLibrary">
<arg>${EDIT_BAIRRO}</arg>
<arg>Dos Sonhos</arg>
<doc>Types the given `text` into text field identified by `locator`.</doc>
<msg timestamp="20220614 16:30:43.867" level="INFO">Typing text 'Dos Sonhos' into text field 'id = br.com.dudstecnologia.cadastrodeclientes:id/editBairro'</msg>
<status status="PASS" starttime="20220614 16:30:43.864" endtime="20220614 16:30:44.417"/>
</kw>
<kw name="Input Text" library="Zoomba.MobileLibrary">
<arg>${EDIT_CEP}</arg>
<arg>56328-070</arg>
<doc>Types the given `text` into text field identified by `locator`.</doc>
<msg timestamp="20220614 16:30:44.421" level="INFO">Typing text '56328-070' into text field 'id = br.com.dudstecnologia.cadastrodeclientes:id/editCep'</msg>
<status status="PASS" starttime="20220614 16:30:44.417" endtime="20220614 16:30:45.068"/>
</kw>
<kw name="Input Text" library="Zoomba.MobileLibrary">
<arg>${EDIT_CIDADE}</arg>
<arg>Maravilhosa</arg>
<doc>Types the given `text` into text field identified by `locator`.</doc>
<msg timestamp="20220614 16:30:45.072" level="INFO">Typing text 'Maravilhosa' into text field 'id = br.com.dudstecnologia.cadastrodeclientes:id/editCidade'</msg>
<status status="PASS" starttime="20220614 16:30:45.069" endtime="20220614 16:30:45.737"/>
</kw>
<kw name="Click Element" library="Zoomba.MobileLibrary">
<arg>${SPINNER_UF}</arg>
<doc>Click element identified by `locator`.</doc>
<msg timestamp="20220614 16:30:45.740" level="INFO">Clicking element 'id = br.com.dudstecnologia.cadastrodeclientes:id/spinnerEstados'.</msg>
<status status="PASS" starttime="20220614 16:30:45.737" endtime="20220614 16:30:46.295"/>
</kw>
<kw name="Wait Until Page Contains Element" library="Zoomba.MobileLibrary">
<arg>${TEXTVIEW_UF}</arg>
<doc>Waits until element specified with `locator` appears on current page.</doc>
<status status="PASS" starttime="20220614 16:30:46.295" endtime="20220614 16:30:47.154"/>
</kw>
<kw name="Click Element" library="Zoomba.MobileLibrary">
<arg>${TEXTVIEW_UF}</arg>
<doc>Click element identified by `locator`.</doc>
<msg timestamp="20220614 16:30:47.157" level="INFO">Clicking element 'xpath = //*[@text='AC']'.</msg>
<status status="PASS" starttime="20220614 16:30:47.154" endtime="20220614 16:30:47.843"/>
</kw>
<kw name="Input Text" library="Zoomba.MobileLibrary">
<arg>${EDIT_TELEFONE1}</arg>
<arg>2345678</arg>
<doc>Types the given `text` into text field identified by `locator`.</doc>
<msg timestamp="20220614 16:30:47.847" level="INFO">Typing text '2345678' into text field 'id = br.com.dudstecnologia.cadastrodeclientes:id/editTelefone1'</msg>
<status status="PASS" starttime="20220614 16:30:47.843" endtime="20220614 16:30:48.388"/>
</kw>
<kw name="Input Text" library="Zoomba.MobileLibrary">
<arg>${EDIT_TELEFONE2}</arg>
<arg>988776622</arg>
<doc>Types the given `text` into text field identified by `locator`.</doc>
<msg timestamp="20220614 16:30:48.392" level="INFO">Typing text '988776622' into text field 'id = br.com.dudstecnologia.cadastrodeclientes:id/editTelefone2'</msg>
<status status="PASS" starttime="20220614 16:30:48.389" endtime="20220614 16:30:49.422"/>
</kw>
<kw name="Input Text" library="Zoomba.MobileLibrary">
<arg>${EDIT_EMAIL}</arg>
<arg>joaosilva@mail.com</arg>
<doc>Types the given `text` into text field identified by `locator`.</doc>
<msg timestamp="20220614 16:30:49.425" level="INFO">Typing text 'joaosilva@mail.com' into text field 'id = br.com.dudstecnologia.cadastrodeclientes:id/editEmail'</msg>
<status status="PASS" starttime="20220614 16:30:49.422" endtime="20220614 16:30:49.974"/>
</kw>
<kw name="Input Text" library="Zoomba.MobileLibrary">
<arg>${EDIT_OBS}</arg>
<arg>NEON &gt; ALL</arg>
<doc>Types the given `text` into text field identified by `locator`.</doc>
<msg timestamp="20220614 16:30:49.977" level="INFO">Typing text 'NEON &gt; ALL' into text field 'id = br.com.dudstecnologia.cadastrodeclientes:id/editObs'</msg>
<status status="PASS" starttime="20220614 16:30:49.974" endtime="20220614 16:30:50.562"/>
</kw>
<status status="PASS" starttime="20220614 16:30:38.344" endtime="20220614 16:30:50.562"/>
</kw>
<kw name="Saval Formulário" library="formulario">
<kw name="Click Element" library="Zoomba.MobileLibrary">
<arg>${BTN_SALVAR}</arg>
<doc>Click element identified by `locator`.</doc>
<msg timestamp="20220614 16:30:50.566" level="INFO">Clicking element 'id = br.com.dudstecnologia.cadastrodeclientes:id/btnSalvar'.</msg>
<status status="PASS" starttime="20220614 16:30:50.563" endtime="20220614 16:30:51.137"/>
</kw>
<status status="PASS" starttime="20220614 16:30:50.563" endtime="20220614 16:30:51.137"/>
</kw>
<kw name="Validar Mensagem Sucesso" library="formulario">
<arg>Cadastro efetuado com sucesso</arg>
<kw name="Wait Until Page Contains Element" library="Zoomba.MobileLibrary">
<arg>${ANDROID_MESSAGE}</arg>
<doc>Waits until element specified with `locator` appears on current page.</doc>
<status status="PASS" starttime="20220614 16:30:51.138" endtime="20220614 16:30:51.729"/>
</kw>
<kw name="Element Should Contain Text" library="Zoomba.MobileLibrary">
<arg>${ANDROID_MESSAGE}</arg>
<arg>${mensagem_sucesso}</arg>
<doc>Verifies element identified by ``locator`` contains text ``expected``.</doc>
<msg timestamp="20220614 16:30:51.732" level="INFO">Verifying element 'id = android:id/message' contains text 'Cadastro efetuado com sucesso'.</msg>
<status status="PASS" starttime="20220614 16:30:51.729" endtime="20220614 16:30:51.755"/>
</kw>
<kw name="Click Element" library="Zoomba.MobileLibrary">
<arg>${ANDROID_BTN_OK}</arg>
<doc>Click element identified by `locator`.</doc>
<msg timestamp="20220614 16:30:51.758" level="INFO">Clicking element 'id = android:id/button1'.</msg>
<status status="PASS" starttime="20220614 16:30:51.755" endtime="20220614 16:30:51.812"/>
</kw>
<kw name="Go Back" library="Zoomba.MobileLibrary">
<doc>Goes one step backward in the browser history.</doc>
<status status="PASS" starttime="20220614 16:30:51.812" endtime="20220614 16:30:52.892"/>
</kw>
<status status="PASS" starttime="20220614 16:30:51.137" endtime="20220614 16:30:52.893"/>
</kw>
<kw name="Selecionar Cliente" library="home">
<kw name="Wait Until Page Contains Element" library="Zoomba.MobileLibrary">
<arg>${NOME_LISTA}</arg>
<doc>Waits until element specified with `locator` appears on current page.</doc>
<status status="PASS" starttime="20220614 16:30:52.893" endtime="20220614 16:30:53.495"/>
</kw>
<kw name="Click Element" library="Zoomba.MobileLibrary">
<arg>${NOME_LISTA}</arg>
<doc>Click element identified by `locator`.</doc>
<msg timestamp="20220614 16:30:53.498" level="INFO">Clicking element 'id = br.com.dudstecnologia.cadastrodeclientes:id/nomeLista'.</msg>
<status status="PASS" starttime="20220614 16:30:53.495" endtime="20220614 16:30:53.565"/>
</kw>
<status status="PASS" starttime="20220614 16:30:52.893" endtime="20220614 16:30:53.566"/>
</kw>
<kw name="Atulizar Dados Cliente" library="formulario">
<arg>João da Silva</arg>
<arg>joaoDAsilva@email.com</arg>
<kw name="Wait Until Page Contains Element" library="Zoomba.MobileLibrary">
<arg>${EDIT_NOME}</arg>
<doc>Waits until element specified with `locator` appears on current page.</doc>
<status status="PASS" starttime="20220614 16:30:53.566" endtime="20220614 16:30:54.218"/>
</kw>
<kw name="Input Text" library="Zoomba.MobileLibrary">
<arg>${EDIT_NOME}</arg>
<arg>${nome}</arg>
<doc>Types the given `text` into text field identified by `locator`.</doc>
<msg timestamp="20220614 16:30:54.221" level="INFO">Typing text 'João da Silva' into text field 'id = br.com.dudstecnologia.cadastrodeclientes:id/editNome'</msg>
<status status="PASS" starttime="20220614 16:30:54.218" endtime="20220614 16:30:54.272"/>
</kw>
<kw name="Input Text" library="Zoomba.MobileLibrary">
<arg>${EDIT_EMAIL}</arg>
<arg>${email}</arg>
<doc>Types the given `text` into text field identified by `locator`.</doc>
<msg timestamp="20220614 16:30:54.275" level="INFO">Typing text 'joaoDAsilva@email.com' into text field 'id = br.com.dudstecnologia.cadastrodeclientes:id/editEmail'</msg>
<status status="PASS" starttime="20220614 16:30:54.272" endtime="20220614 16:30:55.346"/>
</kw>
<status status="PASS" starttime="20220614 16:30:53.566" endtime="20220614 16:30:55.346"/>
</kw>
<kw name="Saval Formulário" library="formulario">
<kw name="Click Element" library="Zoomba.MobileLibrary">
<arg>${BTN_SALVAR}</arg>
<doc>Click element identified by `locator`.</doc>
<msg timestamp="20220614 16:30:55.349" level="INFO">Clicking element 'id = br.com.dudstecnologia.cadastrodeclientes:id/btnSalvar'.</msg>
<status status="PASS" starttime="20220614 16:30:55.346" endtime="20220614 16:30:55.895"/>
</kw>
<status status="PASS" starttime="20220614 16:30:55.346" endtime="20220614 16:30:55.895"/>
</kw>
<kw name="Validar Mensagem Sucesso" library="formulario">
<arg>Cadastro atualizado com sucesso</arg>
<kw name="Wait Until Page Contains Element" library="Zoomba.MobileLibrary">
<arg>${ANDROID_MESSAGE}</arg>
<doc>Waits until element specified with `locator` appears on current page.</doc>
<status status="PASS" starttime="20220614 16:30:55.896" endtime="20220614 16:30:56.461"/>
</kw>
<kw name="Element Should Contain Text" library="Zoomba.MobileLibrary">
<arg>${ANDROID_MESSAGE}</arg>
<arg>${mensagem_sucesso}</arg>
<doc>Verifies element identified by ``locator`` contains text ``expected``.</doc>
<msg timestamp="20220614 16:30:56.464" level="INFO">Verifying element 'id = android:id/message' contains text 'Cadastro atualizado com sucesso'.</msg>
<status status="PASS" starttime="20220614 16:30:56.461" endtime="20220614 16:30:56.488"/>
</kw>
<kw name="Click Element" library="Zoomba.MobileLibrary">
<arg>${ANDROID_BTN_OK}</arg>
<doc>Click element identified by `locator`.</doc>
<msg timestamp="20220614 16:30:56.492" level="INFO">Clicking element 'id = android:id/button1'.</msg>
<status status="PASS" starttime="20220614 16:30:56.489" endtime="20220614 16:30:56.543"/>
</kw>
<kw name="Go Back" library="Zoomba.MobileLibrary">
<doc>Goes one step backward in the browser history.</doc>
<status status="PASS" starttime="20220614 16:30:56.543" endtime="20220614 16:30:57.597"/>
</kw>
<status status="PASS" starttime="20220614 16:30:55.895" endtime="20220614 16:30:57.597"/>
</kw>
<kw name="Selecionar Cliente" library="home">
<kw name="Wait Until Page Contains Element" library="Zoomba.MobileLibrary">
<arg>${NOME_LISTA}</arg>
<doc>Waits until element specified with `locator` appears on current page.</doc>
<status status="PASS" starttime="20220614 16:30:57.598" endtime="20220614 16:30:57.690"/>
</kw>
<kw name="Click Element" library="Zoomba.MobileLibrary">
<arg>${NOME_LISTA}</arg>
<doc>Click element identified by `locator`.</doc>
<msg timestamp="20220614 16:30:57.693" level="INFO">Clicking element 'id = br.com.dudstecnologia.cadastrodeclientes:id/nomeLista'.</msg>
<status status="PASS" starttime="20220614 16:30:57.690" endtime="20220614 16:30:58.243"/>
</kw>
<status status="PASS" starttime="20220614 16:30:57.597" endtime="20220614 16:30:58.244"/>
</kw>
<kw name="Validar Nome Cliente" library="formulario">
<arg>João da Silva</arg>
<kw name="Wait Until Page Contains Element" library="Zoomba.MobileLibrary">
<arg>${EDIT_NOME}</arg>
<doc>Waits until element specified with `locator` appears on current page.</doc>
<status status="PASS" starttime="20220614 16:30:58.244" endtime="20220614 16:30:58.883"/>
</kw>
<kw name="Element Should Contain Text" library="Zoomba.MobileLibrary">
<arg>${EDIT_NOME}</arg>
<arg>${nome}</arg>
<doc>Verifies element identified by ``locator`` contains text ``expected``.</doc>
<msg timestamp="20220614 16:30:58.886" level="INFO">Verifying element 'id = br.com.dudstecnologia.cadastrodeclientes:id/editNome' contains text 'João da Silva'.</msg>
<status status="PASS" starttime="20220614 16:30:58.883" endtime="20220614 16:30:58.913"/>
</kw>
<status status="PASS" starttime="20220614 16:30:58.244" endtime="20220614 16:30:58.913"/>
</kw>
<kw name="Close App" library="base" type="TEARDOWN">
<kw name="Close Application" library="Zoomba.MobileLibrary">
<doc>Closes the current application and also close webdriver session.</doc>
<status status="PASS" starttime="20220614 16:30:58.914" endtime="20220614 16:30:59.215"/>
</kw>
<status status="PASS" starttime="20220614 16:30:58.913" endtime="20220614 16:30:59.216"/>
</kw>
<status status="PASS" starttime="20220614 16:30:30.441" endtime="20220614 16:30:59.216"/>
</test>
<status status="PASS" starttime="20220614 16:29:44.536" endtime="20220614 16:30:59.216"/>
</suite>
<statistics>
<total>
<stat pass="3" fail="0" skip="0">All Tests</stat>
</total>
<tag>
</tag>
<suite>
<stat pass="3" fail="0" skip="0" id="s1" name="cadastroUsuario">cadastroUsuario</stat>
</suite>
</statistics>
<errors>
</errors>
</robot>
